<?xml version="1.0" encoding="UTF-8"?>
<!-- Generated by org.testng.reporters.JUnitXMLReporter -->
<testsuite ignored="2" hostname="LAPTOP-TG4O7S3D" failures="1" tests="3" name="Test" time="37.722" errors="0" timestamp="2026-04-22T16:26:10 IST">
  <testcase classname="TestClasses.LoginTest" name="logintest" time="4.296"/>
  <testcase classname="TestClasses.LoginTest" name="logintest" time="2.559"/>
  <testcase classname="TestClasses.RegisterTest" name="registeruser" time="4.757">
    <failure type="java.lang.AssertionError" message="expected [Username already exist] but found [Username already exists]">
      <![CDATA[java.lang.AssertionError: expected [Username already exist] but found [Username already exists]
at TestClasses.RegisterTest.registeruser(RegisterTest.java:27)
at java.base/java.util.ArrayList.forEach(ArrayList.java:1596)
... Removed 31 stack frames]]>
    </failure>
  </testcase> <!-- registeruser -->
  <testcase classname="Utilities.BaseClass" name="@BeforeSuite setupReport" time="0.0">
    <ignored/>
  </testcase> <!-- @BeforeSuite setupReport -->
  <testcase classname="Utilities.BaseClass" name="@AfterSuite eteardown" time="0.0">
    <ignored/>
  </testcase> <!-- @AfterSuite eteardown -->
</testsuite> <!-- Test -->
