<?xml version="1.0" encoding="UTF-8"?>
<!-- Generated by org.testng.reporters.JUnitXMLReporter -->
<testsuite ignored="2" hostname="LAPTOP-TG4O7S3D" failures="0" tests="2" name="Test" time="24.293" errors="0" timestamp="2026-06-03T12:45:16 IST">
  <testcase classname="TestClasses.LoginTest" name="logintest" time="4.104"/>
  <testcase classname="TestClasses.HomeTest" name="checkproduct" time="3.051"/>
  <testcase classname="Utilities.BaseClass" name="@BeforeSuite setupReport" time="0.0">
    <ignored/>
  </testcase> <!-- @BeforeSuite setupReport -->
  <testcase classname="Utilities.BaseClass" name="@AfterSuite eteardown" time="0.0">
    <ignored/>
  </testcase> <!-- @AfterSuite eteardown -->
</testsuite> <!-- Test -->
