<?xml version="1.0" encoding="UTF-8"?>
<!-- Generated by org.testng.reporters.JUnitReportReporter -->
<testsuite hostname="LAPTOP-TG4O7S3D" failures="0" tests="2" name="TestClasses.LoginTest" time="28.672" errors="0" timestamp="2026-04-22T16:26:11 IST" skipped="0">
  <testcase classname="TestClasses.LoginTest" name="logintest" time="17.516"/>
  <system-out/>
  <testcase classname="TestClasses.LoginTest" name="logintest" time="11.156"/>
  <system-out/>
</testsuite> <!-- TestClasses.LoginTest -->
